<?xml version="1.0" encoding="UTF-8"?>
<testng-results ignored="0" total="1" passed="1" failed="0" skipped="0">
  <reporter-output>
  </reporter-output>
  <suite started-at="2023-05-01T09:42:33 CEST" name="Default Suite" finished-at="2023-05-01T09:42:50 CEST" duration-ms="16704">
    <groups>
    </groups>
    <test started-at="2023-05-01T09:42:33 CEST" name="BooksStore" finished-at="2023-05-01T09:42:50 CEST" duration-ms="16704">
      <class name="tests.BookstoreQADemoTest">
        <test-method signature="apiUITest()[pri:0, instance:tests.BookstoreQADemoTest@4df50bcc]" started-at="2023-05-01T09:42:33 CEST" name="apiUITest" finished-at="2023-05-01T09:42:50 CEST" duration-ms="16677" status="PASS">
          <reporter-output>
          </reporter-output>
        </test-method> <!-- apiUITest -->
      </class> <!-- tests.BookstoreQADemoTest -->
    </test> <!-- BooksStore -->
  </suite> <!-- Default Suite -->
</testng-results>
